<?xml version="1.0" encoding="UTF-8"?>
<!-- Generated by org.testng.reporters.JUnitReportReporter -->
<testsuite hostname="DESKTOP-IM2JQHH" failures="0" tests="1" name="TestngDemo.Test1" time="0.005" errors="0" timestamp="2022-04-12T10:07:10 IST" skipped="0">
  <testcase classname="TestngDemo.Test1" name="method3" time="0.005"/>
  <system-out/>
</testsuite> <!-- TestngDemo.Test1 -->
